<?xml version="1.0" encoding="UTF-8"?>
<Site BuildName="(empty)"
	BuildStamp="20240227-1247-Experimental"
	Name="ubuntuutmmac"
	Generator="ctest-3.22.1"
	CompilerName="/usr/bin/c++"
	CompilerVersion="11.4.0"
	OSName="Linux"
	Hostname="ubuntuutmmac"
	OSRelease="5.15.0-97-generic"
	OSVersion="#107-Ubuntu SMP Wed Feb 7 13:27:10 UTC 2024"
	OSPlatform="aarch64"
	Is64Bits="1"
	VendorString=""
	VendorID="Unknown Manufacturer"
	FamilyID="8"
	ModelID="0"
	ProcessorCacheSize="0"
	NumberOfLogicalCPU="4"
	NumberOfPhysicalCPU="1"
	TotalVirtualMemory="4095"
	TotalPhysicalMemory="3911"
	LogicalProcessorsPerPhysical="4"
	ProcessorClockFrequency="0"
	>
	<Testing>
		<StartDateTime>Feb 27 20:47 HKT</StartDateTime>
		<StartTestTime>1709038023</StartTestTime>
		<TestList/>
		<EndDateTime>Feb 27 20:47 HKT</EndDateTime>
		<EndTestTime>1709038023</EndTestTime>
		<ElapsedMinutes>0</ElapsedMinutes>
	</Testing>
</Site>
