<?xml version="1.0" encoding="UTF-8"?>
<Site BuildName="(empty)"
	BuildStamp="20240325-0557-Experimental"
	Name="ubuntuutmmac"
	Generator="ctest-3.22.1"
	CompilerName="/usr/bin/c++"
	CompilerVersion="11.4.0"
	OSName="Linux"
	Hostname="ubuntuutmmac"
	OSRelease="5.15.0-101-generic"
	OSVersion="#111-Ubuntu SMP Wed Mar 6 18:01:01 UTC 2024"
	OSPlatform="aarch64"
	Is64Bits="1"
	VendorString=""
	VendorID="Unknown Manufacturer"
	FamilyID="8"
	ModelID="0"
	ProcessorCacheSize="0"
	NumberOfLogicalCPU="6"
	NumberOfPhysicalCPU="1"
	TotalVirtualMemory="4095"
	TotalPhysicalMemory="13952"
	LogicalProcessorsPerPhysical="6"
	ProcessorClockFrequency="0"
	>
	<Testing>
		<StartDateTime>Mar 25 16:44 HKT</StartDateTime>
		<StartTestTime>1711356276</StartTestTime>
		<TestList/>
		<EndDateTime>Mar 25 16:44 HKT</EndDateTime>
		<EndTestTime>1711356276</EndTestTime>
		<ElapsedMinutes>0</ElapsedMinutes>
	</Testing>
</Site>
