<?xml version="1.0" encoding="UTF-8"?>
<Site BuildName="(empty)"
	BuildStamp="20240220-1458-Experimental"
	Name="ubuntuutmmac"
	Generator="ctest-3.22.1"
	CompilerName="/usr/bin/c++"
	CompilerVersion="11.4.0"
	OSName="Linux"
	Hostname="ubuntuutmmac"
	OSRelease="5.15.0-94-generic"
	OSVersion="#104-Ubuntu SMP Tue Jan 9 15:26:57 UTC 2024"
	OSPlatform="aarch64"
	Is64Bits="1"
	VendorString=""
	VendorID="Unknown Manufacturer"
	FamilyID="8"
	ModelID="0"
	ProcessorCacheSize="0"
	NumberOfLogicalCPU="4"
	NumberOfPhysicalCPU="1"
	TotalVirtualMemory="4095"
	TotalPhysicalMemory="3911"
	LogicalProcessorsPerPhysical="4"
	ProcessorClockFrequency="0"
	>
	<Testing>
		<StartDateTime>Feb 20 22:58 HKT</StartDateTime>
		<StartTestTime>1708441088</StartTestTime>
		<TestList/>
		<EndDateTime>Feb 20 22:58 HKT</EndDateTime>
		<EndTestTime>1708441088</EndTestTime>
		<ElapsedMinutes>0</ElapsedMinutes>
	</Testing>
</Site>
