<?xml version="1.0" encoding="UTF-8"?>
<Site BuildName="(empty)"
	BuildStamp="20240319-0641-Experimental"
	Name="ubuntuutmmac"
	Generator="ctest-3.22.1"
	CompilerName="/usr/bin/c++"
	CompilerVersion="11.4.0"
	OSName="Linux"
	Hostname="ubuntuutmmac"
	OSRelease="5.15.0-100-generic"
	OSVersion="#110-Ubuntu SMP Wed Feb 7 13:28:04 UTC 2024"
	OSPlatform="aarch64"
	Is64Bits="1"
	VendorString=""
	VendorID="Unknown Manufacturer"
	FamilyID="8"
	ModelID="0"
	ProcessorCacheSize="0"
	NumberOfLogicalCPU="6"
	NumberOfPhysicalCPU="1"
	TotalVirtualMemory="4095"
	TotalPhysicalMemory="13952"
	LogicalProcessorsPerPhysical="6"
	ProcessorClockFrequency="0"
	>
	<Testing>
		<StartDateTime>Mar 19 17:47 HKT</StartDateTime>
		<StartTestTime>1710841657</StartTestTime>
		<TestList/>
		<EndDateTime>Mar 19 17:47 HKT</EndDateTime>
		<EndTestTime>1710841657</EndTestTime>
		<ElapsedMinutes>0</ElapsedMinutes>
	</Testing>
</Site>
